{"total": {"lines":{"total":280,"covered":33,"skipped":0,"pct":11.79},"statements":{"total":283,"covered":34,"skipped":0,"pct":12.01},"functions":{"total":154,"covered":12,"skipped":0,"pct":7.79},"branches":{"total":78,"covered":13,"skipped":0,"pct":16.67}}
,"/home/runner/work/ASEv3/ASEv3/frontend/src/components/airbnb/AirbnbCard.vue": {"lines":{"total":18,"covered":0,"skipped":0,"pct":0},"functions":{"total":10,"covered":0,"skipped":0,"pct":0},"statements":{"total":18,"covered":0,"skipped":0,"pct":0},"branches":{"total":4,"covered":0,"skipped":0,"pct":0}}
,"/home/runner/work/ASEv3/ASEv3/frontend/src/components/menu/AirbnbFilters.vue": {"lines":{"total":4,"covered":0,"skipped":0,"pct":0},"functions":{"total":4,"covered":0,"skipped":0,"pct":0},"statements":{"total":4,"covered":0,"skipped":0,"pct":0},"branches":{"total":2,"covered":0,"skipped":0,"pct":0}}
,"/home/runner/work/ASEv3/ASEv3/frontend/src/components/menu/MenuBar.vue": {"lines":{"total":3,"covered":0,"skipped":0,"pct":0},"functions":{"total":3,"covered":0,"skipped":0,"pct":0},"statements":{"total":3,"covered":0,"skipped":0,"pct":0},"branches":{"total":0,"covered":0,"skipped":0,"pct":100}}
,"/home/runner/work/ASEv3/ASEv3/frontend/src/components/menu/MenuDrawer.vue": {"lines":{"total":12,"covered":0,"skipped":0,"pct":0},"functions":{"total":12,"covered":0,"skipped":0,"pct":0},"statements":{"total":12,"covered":0,"skipped":0,"pct":0},"branches":{"total":2,"covered":0,"skipped":0,"pct":0}}
,"/home/runner/work/ASEv3/ASEv3/frontend/src/components/property/BreakEvenCalculator.vue": {"lines":{"total":9,"covered":4,"skipped":0,"pct":44.44},"functions":{"total":4,"covered":0,"skipped":0,"pct":0},"statements":{"total":9,"covered":4,"skipped":0,"pct":44.44},"branches":{"total":4,"covered":0,"skipped":0,"pct":0}}
,"/home/runner/work/ASEv3/ASEv3/frontend/src/components/property/InfoSnippet.vue": {"lines":{"total":1,"covered":1,"skipped":0,"pct":100},"functions":{"total":1,"covered":1,"skipped":0,"pct":100},"statements":{"total":1,"covered":1,"skipped":0,"pct":100},"branches":{"total":2,"covered":1,"skipped":0,"pct":50}}
,"/home/runner/work/ASEv3/ASEv3/frontend/src/components/property/NeighbourhoodRating.vue": {"lines":{"total":7,"covered":4,"skipped":0,"pct":57.14},"functions":{"total":4,"covered":2,"skipped":0,"pct":50},"statements":{"total":7,"covered":4,"skipped":0,"pct":57.14},"branches":{"total":2,"covered":2,"skipped":0,"pct":100}}
,"/home/runner/work/ASEv3/ASEv3/frontend/src/components/property/OverallRating.vue": {"lines":{"total":7,"covered":4,"skipped":0,"pct":57.14},"functions":{"total":4,"covered":2,"skipped":0,"pct":50},"statements":{"total":7,"covered":4,"skipped":0,"pct":57.14},"branches":{"total":2,"covered":2,"skipped":0,"pct":100}}
,"/home/runner/work/ASEv3/ASEv3/frontend/src/components/property/PriceRating.vue": {"lines":{"total":11,"covered":3,"skipped":0,"pct":27.27},"functions":{"total":4,"covered":2,"skipped":0,"pct":50},"statements":{"total":11,"covered":3,"skipped":0,"pct":27.27},"branches":{"total":6,"covered":3,"skipped":0,"pct":50}}
,"/home/runner/work/ASEv3/ASEv3/frontend/src/components/property/PropertyCard.vue": {"lines":{"total":65,"covered":17,"skipped":0,"pct":26.15},"functions":{"total":22,"covered":5,"skipped":0,"pct":22.73},"statements":{"total":66,"covered":18,"skipped":0,"pct":27.27},"branches":{"total":20,"covered":5,"skipped":0,"pct":25}}
,"/home/runner/work/ASEv3/ASEv3/frontend/src/components/view/Map.vue": {"lines":{"total":53,"covered":0,"skipped":0,"pct":0},"functions":{"total":33,"covered":0,"skipped":0,"pct":0},"statements":{"total":53,"covered":0,"skipped":0,"pct":0},"branches":{"total":8,"covered":0,"skipped":0,"pct":0}}
,"/home/runner/work/ASEv3/ASEv3/frontend/src/components/view/TableDialog.vue": {"lines":{"total":28,"covered":0,"skipped":0,"pct":0},"functions":{"total":16,"covered":0,"skipped":0,"pct":0},"statements":{"total":29,"covered":0,"skipped":0,"pct":0},"branches":{"total":10,"covered":0,"skipped":0,"pct":0}}
,"/home/runner/work/ASEv3/ASEv3/frontend/src/pages/MainPage.vue": {"lines":{"total":39,"covered":0,"skipped":0,"pct":0},"functions":{"total":15,"covered":0,"skipped":0,"pct":0},"statements":{"total":40,"covered":0,"skipped":0,"pct":0},"branches":{"total":16,"covered":0,"skipped":0,"pct":0}}
,"/home/runner/work/ASEv3/ASEv3/frontend/src/store/actions.js": {"lines":{"total":5,"covered":0,"skipped":0,"pct":0},"functions":{"total":4,"covered":0,"skipped":0,"pct":0},"statements":{"total":5,"covered":0,"skipped":0,"pct":0},"branches":{"total":0,"covered":0,"skipped":0,"pct":100}}
,"/home/runner/work/ASEv3/ASEv3/frontend/src/store/getters.js": {"lines":{"total":9,"covered":0,"skipped":0,"pct":0},"functions":{"total":9,"covered":0,"skipped":0,"pct":0},"statements":{"total":9,"covered":0,"skipped":0,"pct":0},"branches":{"total":0,"covered":0,"skipped":0,"pct":100}}
,"/home/runner/work/ASEv3/ASEv3/frontend/src/store/mutations.js": {"lines":{"total":9,"covered":0,"skipped":0,"pct":0},"functions":{"total":9,"covered":0,"skipped":0,"pct":0},"statements":{"total":9,"covered":0,"skipped":0,"pct":0},"branches":{"total":0,"covered":0,"skipped":0,"pct":100}}
,"/home/runner/work/ASEv3/ASEv3/frontend/src/store/state.js": {"lines":{"total":0,"covered":0,"skipped":0,"pct":0},"functions":{"total":0,"covered":0,"skipped":0,"pct":0},"statements":{"total":0,"covered":0,"skipped":0,"pct":0},"branches":{"total":0,"covered":0,"skipped":0,"pct":0}}
}
