TN:
SF:src/components/PropertyCard.vue
FN:202,host_image_url
FN:207,listing_image_url
FN:212,created
FN:1,(anonymous_3)
FNF:4
FNH:4
FNDA:1,host_image_url
FNDA:1,listing_image_url
FNDA:1,created
FNDA:5,(anonymous_3)
DA:1,10
DA:204,1
DA:209,1
DA:214,1
DA:215,0
DA:219,1
LF:6
LH:5
BRDA:214,0,0,0
BRDA:214,0,1,1
BRDA:1,1,0,2
BRDA:1,1,1,0
BRF:4
BRH:2
end_of_record
TN:
SF:src/components/map/Heatmap.vue
FN:11,_default
FN:12,_default
FN:13,_default
FN:14,_default
FN:16,data
FN:29,show_markers
FN:36,show_heatmap
FN:43,heatmapPoints
FN:44,(anonymous_8)
FN:54,show_markers
FN:61,show_heatmap
FN:66,created
FN:75,(anonymous_12)
FN:106,(anonymous_13)
FN:120,placeMarkers
FN:121,(anonymous_15)
FN:134,(anonymous_16)
FN:151,setMarkerVisibility
FN:153,(anonymous_18)
FN:165,setHeatmapVisibility
FN:174,onMarkerClick
FN:1,(anonymous_21)
FNF:22
FNH:0
FNDA:0,_default
FNDA:0,_default
FNDA:0,_default
FNDA:0,_default
FNDA:0,data
FNDA:0,show_markers
FNDA:0,show_heatmap
FNDA:0,heatmapPoints
FNDA:0,(anonymous_8)
FNDA:0,show_markers
FNDA:0,show_heatmap
FNDA:0,created
FNDA:0,(anonymous_12)
FNDA:0,(anonymous_13)
FNDA:0,placeMarkers
FNDA:0,(anonymous_15)
FNDA:0,(anonymous_16)
FNDA:0,setMarkerVisibility
FNDA:0,(anonymous_18)
FNDA:0,setHeatmapVisibility
FNDA:0,onMarkerClick
FNDA:0,(anonymous_21)
DA:1,0
DA:6,0
DA:11,0
DA:12,0
DA:13,0
DA:14,0
DA:17,0
DA:30,0
DA:37,0
DA:43,0
DA:44,0
DA:45,0
DA:55,0
DA:62,0
DA:66,0
DA:68,0
DA:69,0
DA:70,0
DA:75,0
DA:76,0
DA:77,0
DA:80,0
DA:90,0
DA:93,0
DA:100,0
DA:102,0
DA:105,0
DA:108,0
DA:120,0
DA:121,0
DA:122,0
DA:130,0
DA:131,0
DA:134,0
DA:137,0
DA:141,0
DA:153,0
DA:154,0
DA:158,0
DA:166,0
DA:167,0
DA:175,0
LF:42
LH:0
BRDA:167,0,0,0
BRDA:167,0,1,0
BRF:2
BRH:0
end_of_record
TN:
SF:src/components/menu/MenuBar.vue
FN:34,toggleDrawer
FN:1,(anonymous_1)
FNF:2
FNH:0
FNDA:0,toggleDrawer
FNDA:0,(anonymous_1)
DA:1,0
DA:35,0
LF:2
LH:0
BRF:0
BRH:0
end_of_record
TN:
SF:src/components/menu/MenuDrawer.vue
FN:76,is_open
FN:83,show_markers
FN:90,show_heatmap
FN:98,toggleMarkers
FN:105,toggleHeatmap
FN:1,(anonymous_5)
FNF:6
FNH:0
FNDA:0,is_open
FNDA:0,show_markers
FNDA:0,show_heatmap
FNDA:0,toggleMarkers
FNDA:0,toggleHeatmap
FNDA:0,(anonymous_5)
DA:1,0
DA:77,0
DA:84,0
DA:91,0
DA:99,0
DA:106,0
LF:6
LH:0
BRDA:1,0,0,0
BRDA:1,0,1,0
BRF:2
BRH:0
end_of_record
TN:
SF:src/pages/MainPage.vue
FN:41,data
FN:53,property_locations
FN:55,(anonymous_2)
FN:67,onMarkerClick
FN:73,(anonymous_4)
FN:1,(anonymous_5)
FNF:6
FNH:0
FNDA:0,data
FNDA:0,property_locations
FNDA:0,(anonymous_2)
FNDA:0,onMarkerClick
FNDA:0,(anonymous_4)
FNDA:0,(anonymous_5)
DA:1,0
DA:28,0
DA:29,0
DA:30,0
DA:42,0
DA:54,0
DA:55,0
DA:56,0
DA:63,0
DA:69,0
DA:70,0
DA:73,0
LF:12
LH:0
BRDA:69,0,0,0
BRDA:69,0,1,0
BRDA:69,1,0,0
BRDA:69,1,1,0
BRDA:1,2,0,0
BRDA:1,2,1,0
BRF:6
BRH:0
end_of_record
TN:
SF:src/store/actions.js
FN:2,toggleDrawer
FN:7,toggleMarkers
FNF:2
FNH:0
FNDA:0,toggleDrawer
FNDA:0,toggleMarkers
DA:3,0
DA:8,0
LF:2
LH:0
BRF:0
BRH:0
end_of_record
TN:
SF:src/store/getters.js
FN:1,drawerOpen
FN:5,showMarkers
FN:9,showHeatmap
FNF:3
FNH:0
FNDA:0,drawerOpen
FNDA:0,showMarkers
FNDA:0,showHeatmap
DA:2,0
DA:6,0
DA:10,0
LF:3
LH:0
BRF:0
BRH:0
end_of_record
TN:
SF:src/store/mutations.js
FN:3,toggleDrawer
FN:7,toggleMarkers
FN:11,toggleHeatmap
FNF:3
FNH:0
FNDA:0,toggleDrawer
FNDA:0,toggleMarkers
FNDA:0,toggleHeatmap
DA:4,0
DA:8,0
DA:12,0
LF:3
LH:0
BRF:0
BRH:0
end_of_record
TN:
SF:src/store/state.js
FNF:0
FNH:0
LF:0
LH:0
BRF:0
BRH:0
end_of_record
